\BOOKMARK [0][-]{chapter.1}{\376\377\000P\000r\000\351\000r\000e\000q\000u\000i\000s\000\040\000s\000u\000r\000\040\000l\000e\000s\000\040\000V\000A\000\040\000a\000b\000s\000o\000l\000u\000m\000e\000n\000t\000\040\000c\000o\000n\000t\000i\000n\000u\000e\000s}{}% 1
\BOOKMARK [0][-]{chapter.2}{\376\377\000\311\000c\000h\000a\000n\000t\000i\000l\000l\000o\000n\000n\000a\000g\000e\000\040\000e\000t\000\040\000e\000s\000t\000i\000m\000a\000t\000i\000o\000n\000\040\000d\000e\000\040\000p\000a\000r\000a\000m\000\350\000t\000r\000e\000s}{}% 2
\BOOKMARK [1][-]{section.2.1}{\376\377\000C\000o\000n\000s\000t\000r\000u\000c\000t\000i\000o\000n\000\040\000d\000e\000\040\000n\000o\000u\000v\000e\000l\000l\000e\000s\000\040\000l\000o\000i\000s}{chapter.2}% 3
\BOOKMARK [2][-]{subsection.2.1.1}{\376\377\000S\000o\000m\000m\000e\000\040\000d\000e\000\040\000l\000o\000i\000s\000\040\000n\000o\000r\000m\000a\000l\000e\000s}{section.2.1}% 4
\BOOKMARK [2][-]{subsection.2.1.2}{\376\377\000L\000o\000i\000\040\000d\000u\000\040\000C\000h\000i\000-\000d\000e\000u\000x}{section.2.1}% 5
\BOOKMARK [2][-]{subsection.2.1.3}{\376\377\000L\000o\000i\000\040\000d\000e\000\040\000S\000t\000u\000d\000e\000n\000t}{section.2.1}% 6
\BOOKMARK [2][-]{subsection.2.1.4}{\376\377\000L\000o\000i\000\040\000d\000e\000\040\000F\000i\000s\000h\000e\000r}{section.2.1}% 7
\BOOKMARK [1][-]{section.2.2}{\376\377\000\311\000c\000h\000a\000n\000t\000i\000l\000l\000o\000n\000\040\000a\000l\000\351\000a\000t\000o\000i\000r\000e\000\040\000e\000t\000\040\000e\000s\000t\000i\000m\000a\000t\000e\000u\000r\000\040\000p\000o\000n\000c\000t\000u\000e\000l}{chapter.2}% 8
\BOOKMARK [2][-]{subsection.2.2.1}{\376\377\000D\000\351\000f\000i\000n\000i\000t\000i\000o\000n}{section.2.2}% 9
\BOOKMARK [2][-]{subsection.2.2.2}{\376\377\000E\000s\000t\000i\000m\000a\000t\000e\000u\000r\000s\000\040\000p\000o\000n\000c\000t\000u\000e\000l\000s}{section.2.2}% 10
\BOOKMARK [2][-]{subsection.2.2.3}{\376\377\000P\000r\000o\000p\000r\000i\000\351\000t\000\351\000s\000\040\000a\000t\000t\000e\000n\000d\000u\000e\000s}{section.2.2}% 11
\BOOKMARK [2][-]{subsection.2.2.4}{\376\377\000M\000o\000y\000e\000n\000n\000e\000\040\000e\000m\000p\000i\000r\000i\000q\000u\000e}{section.2.2}% 12
\BOOKMARK [2][-]{subsection.2.2.5}{\376\377\000V\000a\000r\000i\000a\000n\000c\000e\000\040\000e\000m\000p\000i\000r\000i\000q\000u\000e}{section.2.2}% 13
\BOOKMARK [2][-]{subsection.2.2.6}{\376\377\000F\000r\000\351\000q\000u\000e\000n\000c\000e}{section.2.2}% 14
\BOOKMARK [2][-]{subsection.2.2.7}{\376\377\000R\000\351\000s\000u\000m\000\351\000\040\000s\000u\000r\000\040\000l\000e\000s\000\040\000e\000s\000t\000i\000m\000a\000t\000e\000u\000r\000s\000\040\000u\000s\000u\000e\000l\000s}{section.2.2}% 15
\BOOKMARK [1][-]{section.2.3}{\376\377\000E\000s\000t\000i\000m\000a\000t\000i\000o\000n\000\040\000p\000a\000r\000\040\000m\000a\000x\000i\000m\000u\000m\000\040\000d\000e\000\040\000v\000r\000a\000i\000s\000e\000m\000b\000l\000a\000n\000c\000e}{chapter.2}% 16
\BOOKMARK [2][-]{subsection.2.3.1}{\376\377\000F\000o\000n\000c\000t\000i\000o\000n\000\040\000d\000e\000\040\000v\000r\000a\000i\000s\000e\000m\000b\000l\000a\000n\000c\000e\000\040\000p\000o\000u\000r\000\040\000u\000n\000e\000\040\000l\000o\000i\000\040\000d\000i\000s\000c\000r\000\350\000t\000e}{section.2.3}% 17
\BOOKMARK [2][-]{subsection.2.3.2}{\376\377\000F\000o\000n\000c\000t\000i\000o\000n\000\040\000d\000e\000\040\000v\000r\000a\000i\000s\000e\000m\000b\000l\000a\000n\000c\000e\000\040\000p\000o\000u\000r\000\040\000u\000n\000e\000\040\000l\000o\000i\000\040\000c\000o\000n\000t\000i\000n\000u\000e}{section.2.3}% 18
\BOOKMARK [2][-]{subsection.2.3.3}{\376\377\000O\000p\000t\000i\000m\000i\000s\000e\000r\000\040\000l\000a\000\040\000v\000r\000a\000i\000s\000e\000m\000b\000l\000a\000n\000c\000e}{section.2.3}% 19
\BOOKMARK [2][-]{subsection.2.3.4}{\376\377\000E\000x\000e\000m\000p\000l\000e\000\040\000:\000\040\000e\000s\000t\000i\000m\000e\000r\000\040\000l\000e\000\040\000p\000a\000r\000a\000m\000\350\000t\000r\000e\000\040\000d\000'\000u\000n\000e\000\040\000l\000o\000i\000\040\000d\000e\000\040\000B\000e\000r\000n\000o\000u\000l\000l\000i}{section.2.3}% 20
\BOOKMARK [1][-]{section.2.4}{\376\377\000E\000s\000t\000i\000m\000a\000t\000i\000o\000n\000\040\000p\000a\000r\000\040\000i\000n\000t\000e\000r\000v\000a\000l\000l\000e\000\040\000d\000e\000\040\000c\000o\000n\000f\000i\000a\000n\000c\000e}{chapter.2}% 21
\BOOKMARK [2][-]{subsection.2.4.1}{\376\377\000D\000\351\000m\000a\000r\000c\000h\000e\000\040\000g\000\351\000n\000\351\000r\000a\000l\000e}{section.2.4}% 22
\BOOKMARK [2][-]{subsection.2.4.2}{\376\377\000I\000n\000t\000e\000r\000v\000a\000l\000l\000e\000\040\000d\000e\000\040\000c\000o\000n\000f\000i\000a\000n\000c\000e\000\040\000a\000s\000y\000m\000p\000t\000o\000t\000i\000q\000u\000e}{section.2.4}% 23
\BOOKMARK [2][-]{subsection.2.4.3}{\376\377\000I\000n\000t\000e\000r\000v\000a\000l\000l\000e\000\040\000d\000e\000\040\000c\000o\000n\000f\000i\000a\000n\000c\000e\000\040\000a\000s\000y\000m\000p\000t\000o\000t\000i\000q\000u\000e\000\040\000d\000'\000u\000n\000e\000\040\000p\000r\000o\000p\000o\000r\000t\000i\000o\000n}{section.2.4}% 24
\BOOKMARK [2][-]{subsection.2.4.4}{\376\377\000I\000n\000t\000e\000r\000v\000a\000l\000l\000e\000\040\000d\000e\000\040\000c\000o\000n\000f\000i\000a\000n\000c\000e\000\040\000d\000'\000u\000n\000e\000\040\000m\000o\000y\000e\000n\000n\000e}{section.2.4}% 25
\BOOKMARK [2][-]{subsection.2.4.5}{\376\377\000I\000n\000t\000e\000r\000v\000a\000l\000l\000e\000\040\000d\000e\000\040\000c\000o\000n\000f\000i\000a\000n\000c\000e\000\040\000d\000'\000u\000n\000e\000\040\000m\000o\000y\000e\000n\000n\000e\000,\000\040\000l\000'\000\351\000c\000a\000r\000t\000-\000t\000y\000p\000e\000\040\000e\000s\000t\000\040\000i\000n\000c\000o\000n\000n\000u}{section.2.4}% 26
\BOOKMARK [2][-]{subsection.2.4.6}{\376\377\000I\000n\000t\000e\000r\000v\000a\000l\000l\000e\000\040\000d\000e\000\040\000c\000o\000n\000f\000i\000a\000n\000c\000e\000\040\000d\000'\000u\000n\000e\000\040\000v\000a\000r\000i\000a\000n\000c\000e}{section.2.4}% 27
\BOOKMARK [0][-]{chapter.1}{\376\377\000C\000o\000m\000p\000\351\000t\000e\000n\000c\000e\000s\000\040\000a\000t\000t\000e\000n\000d\000u\000e\000s\000\040\000\340\000\040\000l\000'\000i\000s\000s\000u\000e\000\040\000d\000e\000\040\000c\000e\000\040\000c\000o\000u\000r\000s}{}% 28
\BOOKMARK [1][-]{section.1.1}{\376\377\000\311\000c\000h\000a\000n\000t\000i\000l\000l\000o\000n\000n\000a\000g\000e}{chapter.1}% 29
\BOOKMARK [0][-]{chapter.2}{\376\377\000T\000a\000b\000l\000e\000s\000\040\000d\000e\000\040\000v\000a\000l\000e\000u\000r\000s}{}% 30
\BOOKMARK [1][-]{section.2.1}{\376\377\000T\000a\000b\000l\000e\000s\000\040\000d\000e\000\040\000l\000a\000\040\000L\000o\000i\000\040\000N\000o\000r\000m\000a\000l\000e\000\040\000C\000e\000n\000t\000r\000\351\000e\000\040\000R\000\351\000d\000u\000i\000t\000e\000.}{chapter.2}% 31
\BOOKMARK [1][-]{section.2.2}{\376\377\000L\000o\000i\000\040\000d\000u\000\040\0002}{chapter.2}% 32
\BOOKMARK [1][-]{section.2.3}{\376\377\000L\000o\000i\000\040\000d\000e\000\040\000S\000t\000u\000d\000e\000n\000t}{chapter.2}% 33
